<?xml version="1.0" encoding="UTF-8"?>
<coverage generated="1681566565779" clover="3.2.0">
  <project timestamp="1681566565779" name="All files">
    <metrics statements="49" coveredstatements="18" conditionals="4" coveredconditionals="0" methods="14" coveredmethods="2" elements="67" coveredelements="20" complexity="0" loc="49" ncloc="49" packages="2" files="4" classes="4"/>
    <package name="models">
      <metrics statements="10" coveredstatements="2" conditionals="2" coveredconditionals="0" methods="7" coveredmethods="0"/>
      <file name="users.js" path="C:\Users\clearlove7\Documents\GitHub\Back-End\websocket.io\webchat\src\models\users.js">
        <metrics statements="10" coveredstatements="2" conditionals="2" coveredconditionals="0" methods="7" coveredmethods="0"/>
        <line num="2" count="1" type="stmt"/>
        <line num="7" count="0" type="stmt"/>
        <line num="8" count="0" type="stmt"/>
        <line num="10" count="0" type="stmt"/>
        <line num="16" count="0" type="stmt"/>
        <line num="23" count="0" type="stmt"/>
        <line num="25" count="0" type="cond" truecount="0" falsecount="2"/>
        <line num="26" count="0" type="stmt"/>
        <line num="33" count="0" type="stmt"/>
        <line num="36" count="1" type="stmt"/>
      </file>
    </package>
    <package name="services">
      <metrics statements="39" coveredstatements="16" conditionals="2" coveredconditionals="0" methods="7" coveredmethods="2"/>
      <file name="connect_websocket.js" path="C:\Users\clearlove7\Documents\GitHub\Back-End\websocket.io\webchat\src\services\connect_websocket.js">
        <metrics statements="29" coveredstatements="7" conditionals="2" coveredconditionals="0" methods="5" coveredmethods="1"/>
        <line num="1" count="1" type="stmt"/>
        <line num="2" count="1" type="stmt"/>
        <line num="4" count="1" type="stmt"/>
        <line num="9" count="1" type="stmt"/>
        <line num="10" count="1" type="stmt"/>
        <line num="14" count="1" type="stmt"/>
        <line num="16" count="0" type="stmt"/>
        <line num="17" count="0" type="stmt"/>
        <line num="18" count="0" type="stmt"/>
        <line num="19" count="0" type="stmt"/>
        <line num="20" count="0" type="stmt"/>
        <line num="21" count="0" type="stmt"/>
        <line num="22" count="0" type="stmt"/>
        <line num="23" count="0" type="stmt"/>
        <line num="26" count="0" type="stmt"/>
        <line num="27" count="0" type="stmt"/>
        <line num="34" count="0" type="stmt"/>
        <line num="36" count="0" type="stmt"/>
        <line num="37" count="0" type="stmt"/>
        <line num="39" count="0" type="stmt"/>
        <line num="40" count="0" type="stmt"/>
        <line num="45" count="0" type="stmt"/>
        <line num="47" count="0" type="stmt"/>
        <line num="48" count="0" type="cond" truecount="0" falsecount="2"/>
        <line num="49" count="0" type="stmt"/>
        <line num="50" count="0" type="stmt"/>
        <line num="53" count="0" type="stmt"/>
        <line num="54" count="0" type="stmt"/>
        <line num="63" count="1" type="stmt"/>
      </file>
      <file name="encoding.js" path="C:\Users\clearlove7\Documents\GitHub\Back-End\websocket.io\webchat\src\services\encoding.js">
        <metrics statements="6" coveredstatements="6" conditionals="0" coveredconditionals="0" methods="1" coveredmethods="1"/>
        <line num="2" count="2" type="stmt"/>
        <line num="3" count="2" type="stmt"/>
        <line num="4" count="12" type="stmt"/>
        <line num="6" count="2" type="stmt"/>
        <line num="9" count="1" type="stmt"/>
        <line num="11" count="1" type="stmt"/>
      </file>
      <file name="messages.js" path="C:\Users\clearlove7\Documents\GitHub\Back-End\websocket.io\webchat\src\services\messages.js">
        <metrics statements="4" coveredstatements="3" conditionals="0" coveredconditionals="0" methods="1" coveredmethods="0"/>
        <line num="1" count="1" type="stmt"/>
        <line num="2" count="1" type="stmt"/>
        <line num="7" count="0" type="stmt"/>
        <line num="19" count="1" type="stmt"/>
      </file>
    </package>
  </project>
</coverage>
