{"C:\\Users\\clearlove7\\Documents\\GitHub\\Back-End\\websocket.io\\webchat\\src\\models\\users.js": {"path":"C:\\Users\\clearlove7\\Documents\\GitHub\\Back-End\\websocket.io\\webchat\\src\\models\\users.js","statementMap":{"0":{"start":{"line":2,"column":14},"end":{"line":2,"column":16}},"1":{"start":{"line":7,"column":17},"end":{"line":7,"column":37}},"2":{"start":{"line":8,"column":4},"end":{"line":8,"column":21}},"3":{"start":{"line":10,"column":4},"end":{"line":10,"column":16}},"4":{"start":{"line":16,"column":4},"end":{"line":16,"column":46}},"5":{"start":{"line":16,"column":30},"end":{"line":16,"column":44}},"6":{"start":{"line":23,"column":18},"end":{"line":23,"column":57}},"7":{"start":{"line":23,"column":42},"end":{"line":23,"column":56}},"8":{"start":{"line":25,"column":4},"end":{"line":27,"column":5}},"9":{"start":{"line":26,"column":8},"end":{"line":26,"column":41}},"10":{"start":{"line":33,"column":4},"end":{"line":33,"column":52}},"11":{"start":{"line":33,"column":32},"end":{"line":33,"column":50}},"12":{"start":{"line":36,"column":0},"end":{"line":42,"column":2}}},"fnMap":{"0":{"name":"userJoin","decl":{"start":{"line":5,"column":9},"end":{"line":5,"column":17}},"loc":{"start":{"line":5,"column":37},"end":{"line":11,"column":1}},"line":5},"1":{"name":"getUsers","decl":{"start":{"line":14,"column":9},"end":{"line":14,"column":17}},"loc":{"start":{"line":14,"column":21},"end":{"line":18,"column":1}},"line":14},"2":{"name":"(anonymous_2)","decl":{"start":{"line":16,"column":22},"end":{"line":16,"column":23}},"loc":{"start":{"line":16,"column":30},"end":{"line":16,"column":44}},"line":16},"3":{"name":"usersLeaveRoom","decl":{"start":{"line":21,"column":9},"end":{"line":21,"column":23}},"loc":{"start":{"line":21,"column":27},"end":{"line":28,"column":1}},"line":21},"4":{"name":"(anonymous_4)","decl":{"start":{"line":23,"column":34},"end":{"line":23,"column":35}},"loc":{"start":{"line":23,"column":42},"end":{"line":23,"column":56}},"line":23},"5":{"name":"getRoomUsers","decl":{"start":{"line":31,"column":9},"end":{"line":31,"column":21}},"loc":{"start":{"line":31,"column":27},"end":{"line":34,"column":1}},"line":31},"6":{"name":"(anonymous_6)","decl":{"start":{"line":33,"column":24},"end":{"line":33,"column":25}},"loc":{"start":{"line":33,"column":32},"end":{"line":33,"column":50}},"line":33}},"branchMap":{"0":{"loc":{"start":{"line":25,"column":4},"end":{"line":27,"column":5}},"type":"if","locations":[{"start":{"line":25,"column":4},"end":{"line":27,"column":5}},{"start":{},"end":{}}],"line":25}},"s":{"0":1,"1":0,"2":0,"3":0,"4":0,"5":0,"6":0,"7":0,"8":0,"9":0,"10":0,"11":0,"12":1},"f":{"0":0,"1":0,"2":0,"3":0,"4":0,"5":0,"6":0},"b":{"0":[0,0]},"_coverageSchema":"1a1c01bbd47fc00a2c39e90264f33305004495a9","hash":"e03090d2b7b18a5935e18c833f7924e6f237c68d"}
,"C:\\Users\\clearlove7\\Documents\\GitHub\\Back-End\\websocket.io\\webchat\\src\\services\\connect_websocket.js": {"path":"C:\\Users\\clearlove7\\Documents\\GitHub\\Back-End\\websocket.io\\webchat\\src\\services\\connect_websocket.js","statementMap":{"0":{"start":{"line":1,"column":59},"end":{"line":1,"column":88}},"1":{"start":{"line":2,"column":21},"end":{"line":2,"column":45}},"2":{"start":{"line":4,"column":14},"end":{"line":8,"column":1}},"3":{"start":{"line":9,"column":17},"end":{"line":9,"column":18}},"4":{"start":{"line":10,"column":20},"end":{"line":10,"column":21}},"5":{"start":{"line":14,"column":4},"end":{"line":60,"column":7}},"6":{"start":{"line":16,"column":8},"end":{"line":31,"column":11}},"7":{"start":{"line":17,"column":12},"end":{"line":17,"column":25}},"8":{"start":{"line":18,"column":12},"end":{"line":18,"column":36}},"9":{"start":{"line":19,"column":12},"end":{"line":19,"column":65}},"10":{"start":{"line":20,"column":25},"end":{"line":20,"column":59}},"11":{"start":{"line":21,"column":12},"end":{"line":21,"column":35}},"12":{"start":{"line":22,"column":12},"end":{"line":22,"column":171}},"13":{"start":{"line":23,"column":12},"end":{"line":25,"column":149}},"14":{"start":{"line":26,"column":12},"end":{"line":26,"column":163}},"15":{"start":{"line":27,"column":12},"end":{"line":30,"column":15}},"16":{"start":{"line":34,"column":8},"end":{"line":42,"column":11}},"17":{"start":{"line":36,"column":25},"end":{"line":36,"column":44}},"18":{"start":{"line":37,"column":12},"end":{"line":37,"column":28}},"19":{"start":{"line":39,"column":12},"end":{"line":39,"column":116}},"20":{"start":{"line":40,"column":12},"end":{"line":40,"column":135}},"21":{"start":{"line":45,"column":8},"end":{"line":59,"column":11}},"22":{"start":{"line":47,"column":25},"end":{"line":47,"column":50}},"23":{"start":{"line":48,"column":12},"end":{"line":58,"column":13}},"24":{"start":{"line":49,"column":16},"end":{"line":49,"column":29}},"25":{"start":{"line":50,"column":16},"end":{"line":52,"column":143}},"26":{"start":{"line":53,"column":16},"end":{"line":53,"column":158}},"27":{"start":{"line":54,"column":16},"end":{"line":57,"column":19}},"28":{"start":{"line":63,"column":0},"end":{"line":66,"column":2}}},"fnMap":{"0":{"name":"connectWebChat","decl":{"start":{"line":12,"column":9},"end":{"line":12,"column":23}},"loc":{"start":{"line":12,"column":27},"end":{"line":61,"column":1}},"line":12},"1":{"name":"(anonymous_1)","decl":{"start":{"line":14,"column":23},"end":{"line":14,"column":24}},"loc":{"start":{"line":14,"column":33},"end":{"line":60,"column":5}},"line":14},"2":{"name":"(anonymous_2)","decl":{"start":{"line":16,"column":30},"end":{"line":16,"column":31}},"loc":{"start":{"line":16,"column":52},"end":{"line":31,"column":9}},"line":16},"3":{"name":"(anonymous_3)","decl":{"start":{"line":34,"column":32},"end":{"line":34,"column":33}},"loc":{"start":{"line":34,"column":39},"end":{"line":42,"column":9}},"line":34},"4":{"name":"(anonymous_4)","decl":{"start":{"line":45,"column":31},"end":{"line":45,"column":32}},"loc":{"start":{"line":45,"column":37},"end":{"line":59,"column":9}},"line":45}},"branchMap":{"0":{"loc":{"start":{"line":48,"column":12},"end":{"line":58,"column":13}},"type":"if","locations":[{"start":{"line":48,"column":12},"end":{"line":58,"column":13}},{"start":{},"end":{}}],"line":48}},"s":{"0":1,"1":1,"2":1,"3":1,"4":1,"5":1,"6":0,"7":0,"8":0,"9":0,"10":0,"11":0,"12":0,"13":0,"14":0,"15":0,"16":0,"17":0,"18":0,"19":0,"20":0,"21":0,"22":0,"23":0,"24":0,"25":0,"26":0,"27":0,"28":1},"f":{"0":1,"1":0,"2":0,"3":0,"4":0},"b":{"0":[0,0]},"_coverageSchema":"1a1c01bbd47fc00a2c39e90264f33305004495a9","hash":"3eae6951053be81be2782dd6be102b8435a3009d"}
,"C:\\Users\\clearlove7\\Documents\\GitHub\\Back-End\\websocket.io\\webchat\\src\\services\\encoding.js": {"path":"C:\\Users\\clearlove7\\Documents\\GitHub\\Back-End\\websocket.io\\webchat\\src\\services\\encoding.js","statementMap":{"0":{"start":{"line":2,"column":14},"end":{"line":2,"column":16}},"1":{"start":{"line":3,"column":4},"end":{"line":5,"column":5}},"2":{"start":{"line":3,"column":17},"end":{"line":3,"column":18}},"3":{"start":{"line":4,"column":7},"end":{"line":4,"column":66}},"4":{"start":{"line":6,"column":4},"end":{"line":6,"column":49}},"5":{"start":{"line":9,"column":13},"end":{"line":9,"column":23}},"6":{"start":{"line":11,"column":0},"end":{"line":14,"column":1}}},"fnMap":{"0":{"name":"convertStringToHex","decl":{"start":{"line":1,"column":9},"end":{"line":1,"column":27}},"loc":{"start":{"line":1,"column":33},"end":{"line":7,"column":1}},"line":1}},"branchMap":{},"s":{"0":2,"1":2,"2":2,"3":12,"4":2,"5":1,"6":1},"f":{"0":2},"b":{},"_coverageSchema":"1a1c01bbd47fc00a2c39e90264f33305004495a9","hash":"189a1e2d455e7ff73ec97362d43f3cec605b1520"}
,"C:\\Users\\clearlove7\\Documents\\GitHub\\Back-End\\websocket.io\\webchat\\src\\services\\messages.js": {"path":"C:\\Users\\clearlove7\\Documents\\GitHub\\Back-End\\websocket.io\\webchat\\src\\services\\messages.js","statementMap":{"0":{"start":{"line":1,"column":16},"end":{"line":1,"column":34}},"1":{"start":{"line":2,"column":15},"end":{"line":2,"column":32}},"2":{"start":{"line":7,"column":4},"end":{"line":16,"column":6}},"3":{"start":{"line":19,"column":0},"end":{"line":19,"column":30}}},"fnMap":{"0":{"name":"formatData","decl":{"start":{"line":5,"column":9},"end":{"line":5,"column":19}},"loc":{"start":{"line":5,"column":79},"end":{"line":17,"column":1}},"line":5}},"branchMap":{},"s":{"0":1,"1":1,"2":0,"3":1},"f":{"0":0},"b":{},"_coverageSchema":"1a1c01bbd47fc00a2c39e90264f33305004495a9","hash":"57a48fa2fe877fbd168eec0da21c2a7ef5cfde34"}
}
