TN:
SF:src\models\users.js
FN:5,userJoin
FN:14,getUsers
FN:16,(anonymous_2)
FN:21,usersLeaveRoom
FN:23,(anonymous_4)
FN:31,getRoomUsers
FN:33,(anonymous_6)
FNF:7
FNH:0
FNDA:0,userJoin
FNDA:0,getUsers
FNDA:0,(anonymous_2)
FNDA:0,usersLeaveRoom
FNDA:0,(anonymous_4)
FNDA:0,getRoomUsers
FNDA:0,(anonymous_6)
DA:2,1
DA:7,0
DA:8,0
DA:10,0
DA:16,0
DA:23,0
DA:25,0
DA:26,0
DA:33,0
DA:36,1
LF:10
LH:2
BRDA:25,0,0,0
BRDA:25,0,1,0
BRF:2
BRH:0
end_of_record
TN:
SF:src\services\connect_websocket.js
FN:12,connectWebChat
FN:14,(anonymous_1)
FN:16,(anonymous_2)
FN:34,(anonymous_3)
FN:45,(anonymous_4)
FNF:5
FNH:1
FNDA:1,connectWebChat
FNDA:0,(anonymous_1)
FNDA:0,(anonymous_2)
FNDA:0,(anonymous_3)
FNDA:0,(anonymous_4)
DA:1,1
DA:2,1
DA:4,1
DA:9,1
DA:10,1
DA:14,1
DA:16,0
DA:17,0
DA:18,0
DA:19,0
DA:20,0
DA:21,0
DA:22,0
DA:23,0
DA:26,0
DA:27,0
DA:34,0
DA:36,0
DA:37,0
DA:39,0
DA:40,0
DA:45,0
DA:47,0
DA:48,0
DA:49,0
DA:50,0
DA:53,0
DA:54,0
DA:63,1
LF:29
LH:7
BRDA:48,0,0,0
BRDA:48,0,1,0
BRF:2
BRH:0
end_of_record
TN:
SF:src\services\encoding.js
FN:1,convertStringToHex
FNF:1
FNH:1
FNDA:2,convertStringToHex
DA:2,2
DA:3,2
DA:4,12
DA:6,2
DA:9,1
DA:11,1
LF:6
LH:6
BRF:0
BRH:0
end_of_record
TN:
SF:src\services\messages.js
FN:5,formatData
FNF:1
FNH:0
FNDA:0,formatData
DA:1,1
DA:2,1
DA:7,0
DA:19,1
LF:4
LH:3
BRF:0
BRH:0
end_of_record
